
=== 遊戲啟動於: Sun May 25 02:52:50 2025
===

=== 遊戲啟動於: Sun May 25 03:09:23 2025
===
[錯誤] 無法加載 carrier.png!

=== 遊戲啟動於: Sun May 25 03:52:11 2025
===
[錯誤] 無法加載 carrier.png!

=== 遊戲啟動於: Sun May 25 04:12:07 2025
===
[錯誤] 無法加載 carrier.png!當前工作目錄:C:\Users\user\Desktop\CSI2PI-Final-Project-Template\gaming

=== 遊戲啟動於: Sun May 25 04:18:50 2025
===
[调试] 当前工作目录：C:\Users\user\Desktop\CSI2PI-Final-Project-Template\gaming
[调试] 尝试加载文件：assets/carrier.png
[錯誤] 無法加載 carrier.png!當前工作目錄:C:\Users\user\Desktop\CSI2PI-Final-Project-Template\gaming

=== 遊戲啟動於: Sun May 25 04:22:07 2025
===
[调试] 当前工作目录：C:\Users\user\Desktop\CSI2PI-Final-Project-Template\gaming
[调试] 尝试加载文件：assets/carrier.png
[錯誤] 無法加載 carrier.png!當前工作目錄:C:\Users\user\Desktop\CSI2PI-Final-Project-Template\gaming

=== 遊戲啟動於: Sun May 25 04:26:02 2025
===
[调试] 当前工作目录：C:\Users\user\Desktop\CSI2PI-Final-Project-Template\gaming
[调试] 尝试加载文件：C:\Users\user\Desktop\CSI2PI-Final-Project-Template\gaming\assets\carrier.png
[錯誤] 無法加載 carrier.png!當前工作目錄:C:\Users\user\Desktop\CSI2PI-Final-Project-Template\gaming

=== 遊戲啟動於: Sun May 25 04:31:32 2025
===
[调试] 当前工作目录：C:\Users\user\Desktop\CSI2PI-Final-Project-Template\gaming
[调试] 尝试加载文件：C:\Users\user\Desktop\CSI2PI-Final-Project-Template\gaming\assets\carrier.png
[錯誤] 無法加載 carrier.png!當前工作目錄:C:\Users\user\Desktop\CSI2PI-Final-Project-Template\gaming

=== 遊戲啟動於: Sun May 25 04:37:25 2025
===
[调试] 当前工作目录：C:\Users\user\Desktop\CSI2PI-Final-Project-Template\gaming
[调试] 尝试加载文件：C:\Users\user\Desktop\CSI2PI-Final-Project-Template\gaming\assets\carrier.png
[錯誤] 無法加載 carrier.png!當前工作目錄:C:\Users\user\Desktop\CSI2PI-Final-Project-Template\gaming

=== 遊戲啟動於: Sun May 25 04:55:25 2025
===
[调试] 当前工作目录：C:\Users\user\Desktop\CSI2PI-Final-Project-Template\gaming
[调试] 尝试加载文件：C:\Users\user\Desktop\CSI2PI-Final-Project-Template\gaming\assets\carrier.png
[錯誤] 僅測試 carrier.png 失敗！錯誤: (null)

=== 遊戲啟動於: Sun May 25 05:08:57 2025
===
[调试] 当前工作目录：C:\Users\user\Desktop\CSI2PI-Final-Project-Template\gaming
[调试] 尝试加载文件：C:\Users\user\Desktop\CSI2PI-Final-Project-Template\gaming\assets\carrier.png
[錯誤] 加載失敗！錯誤代碼: 0, Allegro錯誤: 其他錯誤

=== 遊戲啟動於: Sun May 25 05:11:26 2025
===
[调试] 当前工作目录：C:\Users\user\Desktop\CSI2PI-Final-Project-Template\gaming
[调试] 尝试加载文件：C:\Users\user\Desktop\CSI2PI-Final-Project-Template\gaming\assets\carrier.png

=== 遊戲啟動於: Sun May 25 05:17:41 2025
===
[调试] 当前工作目录：C:\Users\user\Desktop\CSI2PI-Final-Project-Template\gaming
[调试] 尝试加载文件：C:\Users\user\Desktop\CSI2PI-Final-Project-Template\gaming\assets\carrier.png

=== 遊戲啟動於: Sun May 25 05:20:36 2025
===
[调试] 当前工作目录：C:\Users\user\Desktop\CSI2PI-Final-Project-Template\gaming
[调试] 尝试加载文件：C:\Users\user\Desktop\CSI2PI-Final-Project-Template\gaming\assets\carrier.png

=== 遊戲啟動於: Sun May 25 05:20:50 2025
===
[调试] 当前工作目录：C:\Users\user\Desktop\CSI2PI-Final-Project-Template\gaming
[调试] 尝试加载文件：C:\Users\user\Desktop\CSI2PI-Final-Project-Template\gaming\assets\carrier.png

=== 遊戲啟動於: Sun May 25 05:31:18 2025
===
[调试] 当前工作目录：C:\Users\user\Desktop\CSI2PI-Final-Project-Template\gaming
[调试] 尝试加载文件：C:\Users\user\Desktop\CSI2PI-Final-Project-Template\gaming\assets\carrier.png

=== 遊戲啟動於: Sun May 25 05:39:45 2025
===
[调试] 当前工作目录：C:\Users\user\Desktop\CSI2PI-Final-Project-Template\gaming
